----------------------------|---------|----------|---------|---------|---------------------------------------------
File                        | % Stmts | % Branch | % Funcs | % Lines | Uncovered Line #s                           
----------------------------|---------|----------|---------|---------|---------------------------------------------
All files                   |   15.75 |     4.17 |      15 |   15.75 |                                             
 AINavigation.controller.js |    19.4 |     2.38 |   13.89 |    19.4 | 39,45-51,56-64,69-73,77-256,263-275,287-299 
 Cameras.controller.js      |   36.07 |     12.5 |   28.57 |   36.07 | 20-24,29-42,56-67,76-100,109-116,125-136    
 Maintenance.controller.js  |    6.03 |        0 |    5.41 |    6.03 | 24-402                                      
 homepage.controller.js     |   63.64 |      100 |   33.33 |   63.64 | 17-34                                       
----------------------------|---------|----------|---------|---------|---------------------------------------------
